Arguments: 
  C:\Program Files\nodejs\node.exe C:\Users\Tao\AppData\Roaming\npm\node_modules\yarn\bin\yarn.js init

PATH: 
  C:\Users\Tao\local;C:\Users\Tao\bin;C:\Program Files\Git\mingw64\bin;C:\Program Files\Git\usr\local\bin;C:\Program Files\Git\usr\bin;C:\Program Files\Git\usr\bin;C:\Program Files\Git\mingw64\bin;C:\Program Files\Git\usr\bin;C:\Users\Tao\bin;C:\windows\system32;C:\windows;C:\windows\System32\Wbem;C:\windows\System32\WindowsPowerShell\v1.0;C:\Program Files\nodejs;C:\Program Files\Git\cmd;C:\Program Files\MongoDB\Server\3.2\bin;C:\Users\Tao\AppData\Roaming\npm;C:\Program Files\Git\usr\bin\vendor_perl;C:\Program Files\Git\usr\bin\core_perl

Yarn version: 
  1.21.1

Node version: 
  10.16.3

Platform: 
  win32 x64

Trace: 
  Error: Can't answer a question unless a user TTY
      at ConsoleReporter.question (C:\Users\Tao\AppData\Roaming\npm\node_modules\yarn\lib\cli.js:96722:59)
      at Object.<anonymous> (C:\Users\Tao\AppData\Roaming\npm\node_modules\yarn\lib\cli.js:89033:38)
      at Generator.next (<anonymous>)
      at step (C:\Users\Tao\AppData\Roaming\npm\node_modules\yarn\lib\cli.js:310:30)
      at C:\Users\Tao\AppData\Roaming\npm\node_modules\yarn\lib\cli.js:321:13

npm manifest: 
  No manifest

yarn manifest: 
  No manifest

Lockfile: 
  No lockfile
